\BOOKMARK [1][-]{section.1}{\376\377\000P\000r\000e\000c\000i\000s\000i\000o\000n\000\040\000M\000e\000a\000s\000u\000r\000e\000m\000e\000n\000t\000\040\000o\000f\000\040\000t\000h\000e\000\040\000T\000h\000r\000u\000s\000t\000\040\000D\000i\000s\000t\000r\000i\000b\000u\000t\000i\000o\000n\000\040\000a\000n\000d\000\040\000\134\000a\000l\000p\000h\000a\000\137\000s\000\040\000E\000x\000t\000r\000a\000c\000t\000i\000o\000n\000\040\000i\000n\000\040\000e\000\136\000+\000e\000\136\000-\000\040\000C\000o\000l\000l\000i\000s\000i\000o\000n\000s\000\040\000a\000t\000\040\000\134\000s\000q\000r\000t\000\173\000s\000\175\000\040\000=\000\040\0009\0001\000.\0002\000\040\000G\000e\000V\000\040\000U\000s\000i\000n\000g\000\040\000A\000r\000c\000h\000i\000v\000e\000d\000\040\000A\000L\000E\000P\000H\000\040\000D\000a\000t\000a}{}% 1
\BOOKMARK [2][-]{subsection.1.1}{\376\377\000A\000b\000s\000t\000r\000a\000c\000t}{section.1}% 2
\BOOKMARK [2][-]{subsection.1.2}{\376\377\0001\000.\000\040\000I\000n\000t\000r\000o\000d\000u\000c\000t\000i\000o\000n}{section.1}% 3
\BOOKMARK [3][-]{subsubsection.1.2.1}{\376\377\0001\000.\0001\000\040\000P\000h\000y\000s\000i\000c\000s\000\040\000M\000o\000t\000i\000v\000a\000t\000i\000o\000n}{subsection.1.2}% 4
\BOOKMARK [3][-]{subsubsection.1.2.2}{\376\377\0001\000.\0002\000\040\000O\000b\000s\000e\000r\000v\000a\000b\000l\000e\000\040\000D\000e\000f\000i\000n\000i\000t\000i\000o\000n}{subsection.1.2}% 5
\BOOKMARK [3][-]{subsubsection.1.2.3}{\376\377\0001\000.\0003\000\040\000P\000a\000r\000t\000i\000c\000l\000e\000-\000L\000e\000v\000e\000l\000\040\000D\000e\000f\000i\000n\000i\000t\000i\000o\000n}{subsection.1.2}% 6
\BOOKMARK [3][-]{subsubsection.1.2.4}{\376\377\0001\000.\0004\000\040\000P\000e\000r\000t\000u\000r\000b\000a\000t\000i\000v\000e\000\040\000Q\000C\000D\000\040\000P\000r\000e\000d\000i\000c\000t\000i\000o\000n\000s}{subsection.1.2}% 7
\BOOKMARK [3][-]{subsubsection.1.2.5}{\376\377\0001\000.\0005\000\040\000P\000r\000i\000o\000r\000\040\000M\000e\000a\000s\000u\000r\000e\000m\000e\000n\000t\000s}{subsection.1.2}% 8
\BOOKMARK [2][-]{subsection.1.3}{\376\377\0002\000.\000\040\000D\000a\000t\000a\000\040\000S\000a\000m\000p\000l\000e\000s}{section.1}% 9
\BOOKMARK [3][-]{subsubsection.1.3.1}{\376\377\0002\000.\0001\000\040\000D\000a\000t\000a}{subsection.1.3}% 10
\BOOKMARK [3][-]{subsubsection.1.3.2}{\376\377\0002\000.\0002\000\040\000M\000o\000n\000t\000e\000\040\000C\000a\000r\000l\000o\000\040\000S\000i\000m\000u\000l\000a\000t\000i\000o\000n}{subsection.1.3}% 11
\BOOKMARK [2][-]{subsection.1.4}{\376\377\0003\000.\000\040\000E\000v\000e\000n\000t\000\040\000S\000e\000l\000e\000c\000t\000i\000o\000n}{section.1}% 12
\BOOKMARK [3][-]{subsubsection.1.4.1}{\376\377\0003\000.\0001\000\040\000P\000r\000e\000-\000A\000p\000p\000l\000i\000e\000d\000\040\000C\000u\000t\000s}{subsection.1.4}% 13
\BOOKMARK [3][-]{subsubsection.1.4.2}{\376\377\0003\000.\0002\000\040\000A\000d\000d\000i\000t\000i\000o\000n\000a\000l\000\040\000E\000v\000e\000n\000t\000-\000L\000e\000v\000e\000l\000\040\000C\000u\000t\000s}{subsection.1.4}% 14
\BOOKMARK [3][-]{subsubsection.1.4.3}{\376\377\0003\000.\0003\000\040\000O\000b\000j\000e\000c\000t\000\040\000S\000e\000l\000e\000c\000t\000i\000o\000n}{subsection.1.4}% 15
\BOOKMARK [3][-]{subsubsection.1.4.4}{\376\377\0003\000.\0004\000\040\000C\000u\000t\000f\000l\000o\000w\000\040\000T\000a\000b\000l\000e}{subsection.1.4}% 16
\BOOKMARK [3][-]{subsubsection.1.4.5}{\376\377\0003\000.\0005\000\040\000D\000a\000t\000a\000/\000M\000C\000\040\000V\000a\000l\000i\000d\000a\000t\000i\000o\000n\000\040\000p\000e\000r\000\040\000O\000b\000j\000e\000c\000t\000\040\000C\000a\000t\000e\000g\000o\000r\000y}{subsection.1.4}% 17
\BOOKMARK [2][-]{subsection.1.5}{\376\377\0004\000.\000\040\000C\000o\000r\000r\000e\000c\000t\000i\000o\000n\000s\000\040\000a\000n\000d\000\040\000U\000n\000f\000o\000l\000d\000i\000n\000g}{section.1}% 18
\BOOKMARK [3][-]{subsubsection.1.5.1}{\376\377\0004\000.\0001\000\040\000I\000B\000U\000\040\000A\000l\000g\000o\000r\000i\000t\000h\000m}{subsection.1.5}% 19
\BOOKMARK [3][-]{subsubsection.1.5.2}{\376\377\0004\000.\0002\000\040\000N\000o\000r\000m\000a\000l\000i\000z\000a\000t\000i\000o\000n\000\040\000P\000r\000o\000c\000e\000d\000u\000r\000e}{subsection.1.5}% 20
\BOOKMARK [3][-]{subsubsection.1.5.3}{\376\377\0004\000.\0003\000\040\000R\000e\000s\000p\000o\000n\000s\000e\000\040\000M\000a\000t\000r\000i\000x}{subsection.1.5}% 21
\BOOKMARK [3][-]{subsubsection.1.5.4}{\376\377\0004\000.\0004\000\040\000D\000e\000t\000e\000c\000t\000o\000r\000\040\000S\000m\000e\000a\000r\000i\000n\000g\000\040\000P\000r\000o\000p\000e\000r\000t\000i\000e\000s}{subsection.1.5}% 22
\BOOKMARK [3][-]{subsubsection.1.5.5}{\376\377\0004\000.\0005\000\040\000B\000i\000n\000-\000b\000y\000-\000B\000i\000n\000\040\000C\000o\000r\000r\000e\000c\000t\000i\000o\000n\000\040\000C\000r\000o\000s\000s\000-\000C\000h\000e\000c\000k}{subsection.1.5}% 23
\BOOKMARK [3][-]{subsubsection.1.5.6}{\376\377\0004\000.\0006\000\040\000R\000e\000g\000u\000l\000a\000r\000i\000z\000a\000t\000i\000o\000n\000\040\000C\000h\000o\000i\000c\000e}{subsection.1.5}% 24
\BOOKMARK [2][-]{subsection.1.6}{\376\377\0005\000.\000\040\000S\000y\000s\000t\000e\000m\000a\000t\000i\000c\000\040\000U\000n\000c\000e\000r\000t\000a\000i\000n\000t\000i\000e\000s}{section.1}% 25
\BOOKMARK [3][-]{subsubsection.1.6.1}{\376\377\0005\000.\0001\000\040\000T\000r\000a\000c\000k\000\040\000M\000o\000m\000e\000n\000t\000u\000m\000\040\000S\000m\000e\000a\000r\000i\000n\000g}{subsection.1.6}% 26
\BOOKMARK [3][-]{subsubsection.1.6.2}{\376\377\0005\000.\0002\000\040\000S\000e\000l\000e\000c\000t\000i\000o\000n\000\040\000C\000u\000t\000\040\000V\000a\000r\000i\000a\000t\000i\000o\000n\000s}{subsection.1.6}% 27
\BOOKMARK [3][-]{subsubsection.1.6.3}{\376\377\0005\000.\0003\000\040\000B\000a\000c\000k\000g\000r\000o\000u\000n\000d\000\040\000C\000o\000n\000t\000a\000m\000i\000n\000a\000t\000i\000o\000n}{subsection.1.6}% 28
\BOOKMARK [3][-]{subsubsection.1.6.4}{\376\377\0005\000.\0004\000\040\000R\000e\000g\000u\000l\000a\000r\000i\000z\000a\000t\000i\000o\000n\000\040\000D\000e\000p\000e\000n\000d\000e\000n\000c\000e}{subsection.1.6}% 29
\BOOKMARK [3][-]{subsubsection.1.6.5}{\376\377\0005\000.\0005\000\040\000P\000r\000i\000o\000r\000\040\000D\000e\000p\000e\000n\000d\000e\000n\000c\000e}{subsection.1.6}% 30
\BOOKMARK [3][-]{subsubsection.1.6.6}{\376\377\0005\000.\0006\000\040\000A\000l\000t\000e\000r\000n\000a\000t\000i\000v\000e\000\040\000U\000n\000f\000o\000l\000d\000i\000n\000g\000\040\000M\000e\000t\000h\000o\000d\000\040\000\050\000B\000B\000B\000\051\000\040\040\024\000\040\000E\000x\000c\000l\000u\000d\000e\000d\000\040\000f\000r\000o\000m\000\040\000B\000u\000d\000g\000e\000t}{subsection.1.6}% 31
\BOOKMARK [3][-]{subsubsection.1.6.7}{\376\377\0005\000.\0007\000\040\000H\000a\000d\000r\000o\000n\000i\000z\000a\000t\000i\000o\000n\000\040\000M\000o\000d\000e\000l}{subsection.1.6}% 32
\BOOKMARK [3][-]{subsubsection.1.6.8}{\376\377\0005\000.\0008\000\040\000I\000S\000R\000\040\000T\000r\000e\000a\000t\000m\000e\000n\000t}{subsection.1.6}% 33
\BOOKMARK [3][-]{subsubsection.1.6.9}{\376\377\0005\000.\0009\000\040\000H\000e\000a\000v\000y\000\040\000F\000l\000a\000v\000o\000r\000\040\000\050\000b\000-\000q\000u\000a\000r\000k\000\051}{subsection.1.6}% 34
\BOOKMARK [3][-]{subsubsection.1.6.10}{\376\377\0005\000.\0001\0000\000\040\000M\000C\000\040\000S\000t\000a\000t\000i\000s\000t\000i\000c\000s}{subsection.1.6}% 35
\BOOKMARK [3][-]{subsubsection.1.6.11}{\376\377\0005\000.\0001\0001\000\040\000C\000a\000l\000o\000r\000i\000m\000e\000t\000e\000r\000\040\000E\000n\000e\000r\000g\000y\000\040\000S\000c\000a\000l\000e}{subsection.1.6}% 36
\BOOKMARK [3][-]{subsubsection.1.6.12}{\376\377\0005\000.\0001\0002\000\040\000S\000y\000s\000t\000e\000m\000a\000t\000i\000c\000\040\000C\000o\000m\000p\000l\000e\000t\000e\000n\000e\000s\000s\000\040\000V\000e\000r\000i\000f\000i\000c\000a\000t\000i\000o\000n}{subsection.1.6}% 37
\BOOKMARK [2][-]{subsection.1.7}{\376\377\0006\000.\000\040\000C\000r\000o\000s\000s\000-\000C\000h\000e\000c\000k\000s}{section.1}% 38
\BOOKMARK [3][-]{subsubsection.1.7.1}{\376\377\0006\000.\0001\000\040\000Y\000e\000a\000r\000-\000b\000y\000-\000Y\000e\000a\000r\000\040\000C\000o\000n\000s\000i\000s\000t\000e\000n\000c\000y}{subsection.1.7}% 39
\BOOKMARK [3][-]{subsubsection.1.7.2}{\376\377\0006\000.\0002\000\040\000I\000B\000U\000\040\000v\000s\000.\000\040\000B\000i\000n\000-\000b\000y\000-\000B\000i\000n\000\040\000C\000o\000m\000p\000a\000r\000i\000s\000o\000n\000\040\000\050\000C\000r\000o\000s\000s\000-\000C\000h\000e\000c\000k\000\051}{subsection.1.7}% 40
\BOOKMARK [3][-]{subsubsection.1.7.3}{\376\377\0006\000.\0003\000\040\000C\000l\000o\000s\000u\000r\000e\000\040\000T\000e\000s\000t\000\040\000w\000i\000t\000h\000\040\000I\000n\000d\000e\000p\000e\000n\000d\000e\000n\000t\000\040\000M\000C\000\040\000H\000a\000l\000v\000e\000s}{subsection.1.7}% 41
\BOOKMARK [3][-]{subsubsection.1.7.4}{\376\377\0006\000.\0004\000\040\000I\000B\000U\000\040\000S\000t\000r\000e\000s\000s\000\040\000T\000e\000s\000t}{subsection.1.7}% 42
\BOOKMARK [2][-]{subsection.1.8}{\376\377\0007\000.\000\040\000S\000t\000a\000t\000i\000s\000t\000i\000c\000a\000l\000\040\000M\000e\000t\000h\000o\000d}{section.1}% 43
\BOOKMARK [3][-]{subsubsection.1.8.1}{\376\377\0007\000.\0001\000\040\000I\000B\000U\000\040\000D\000e\000s\000c\000r\000i\000p\000t\000i\000o\000n}{subsection.1.8}% 44
\BOOKMARK [3][-]{subsubsection.1.8.2}{\376\377\0007\000.\0002\000\040\000S\000t\000a\000t\000i\000s\000t\000i\000c\000a\000l\000\040\000C\000o\000v\000a\000r\000i\000a\000n\000c\000e\000\040\000C\000o\000n\000s\000t\000r\000u\000c\000t\000i\000o\000n}{subsection.1.8}% 45
\BOOKMARK [3][-]{subsubsection.1.8.3}{\376\377\0007\000.\0003\000\040\000T\000o\000t\000a\000l\000\040\000C\000o\000v\000a\000r\000i\000a\000n\000c\000e\000\040\000C\000o\000n\000s\000t\000r\000u\000c\000t\000i\000o\000n}{subsection.1.8}% 46
\BOOKMARK [3][-]{subsubsection.1.8.4}{\376\377\0007\000.\0004\000\040\000C\000o\000v\000a\000r\000i\000a\000n\000c\000e\000\040\000M\000a\000t\000r\000i\000x\000\040\000V\000a\000l\000i\000d\000a\000t\000i\000o\000n}{subsection.1.8}% 47
\BOOKMARK [3][-]{subsubsection.1.8.5}{\376\377\0007\000.\0005\000\040\000\134\000a\000l\000p\000h\000a\000\137\000s\000\040\000E\000x\000t\000r\000a\000c\000t\000i\000o\000n\000\040\000M\000e\000t\000h\000o\000d}{subsection.1.8}% 48
\BOOKMARK [2][-]{subsection.1.9}{\376\377\0008\000.\000\040\000R\000e\000s\000u\000l\000t\000s}{section.1}% 49
\BOOKMARK [3][-]{subsubsection.1.9.1}{\376\377\0008\000.\0001\000\040\000C\000o\000r\000r\000e\000c\000t\000e\000d\000\040\000T\000h\000r\000u\000s\000t\000\040\000D\000i\000s\000t\000r\000i\000b\000u\000t\000i\000o\000n}{subsection.1.9}% 50
\BOOKMARK [3][-]{subsubsection.1.9.2}{\376\377\0008\000.\0002\000\040\000D\000a\000t\000a\000/\000M\000C\000\040\000C\000o\000m\000p\000a\000r\000i\000s\000o\000n}{subsection.1.9}% 51
\BOOKMARK [3][-]{subsubsection.1.9.3}{\376\377\0008\000.\0003\000\040\000\134\000a\000l\000p\000h\000a\000\137\000s\000\050\000M\000\137\000Z\000\051\000\040\000M\000e\000t\000h\000o\000d\000o\000l\000o\000g\000i\000c\000a\000l\000\040\000D\000e\000m\000o\000n\000s\000t\000r\000a\000t\000i\000o\000n}{subsection.1.9}% 52
\BOOKMARK [2][-]{subsection.1.10}{\376\377\0009\000.\000\040\000C\000o\000m\000p\000a\000r\000i\000s\000o\000n\000\040\000t\000o\000\040\000P\000r\000i\000o\000r\000\040\000R\000e\000s\000u\000l\000t\000s\000\040\000a\000n\000d\000\040\000T\000h\000e\000o\000r\000y}{section.1}% 53
\BOOKMARK [3][-]{subsubsection.1.10.1}{\376\377\0009\000.\0001\000\040\000C\000o\000m\000p\000a\000r\000i\000s\000o\000n\000\040\000t\000o\000\040\000P\000y\000t\000h\000i\000a\000\040\0006\000.\0001\000\040\000P\000a\000r\000t\000i\000c\000l\000e\000\040\000L\000e\000v\000e\000l}{subsection.1.10}% 54
\BOOKMARK [3][-]{subsubsection.1.10.2}{\376\377\0009\000.\0002\000\040\000C\000o\000m\000p\000a\000r\000i\000s\000o\000n\000\040\000t\000o\000\040\000P\000u\000b\000l\000i\000s\000h\000e\000d\000\040\000A\000L\000E\000P\000H\000\040\000R\000e\000s\000u\000l\000t\000s}{subsection.1.10}% 55
\BOOKMARK [3][-]{subsubsection.1.10.3}{\376\377\0009\000.\0003\000\040\000C\000o\000m\000p\000a\000r\000i\000s\000o\000n\000\040\000t\000o\000\040\000\134\000a\000l\000p\000h\000a\000\137\000s\000\040\000W\000o\000r\000l\000d\000\040\000C\000o\000m\000b\000i\000n\000a\000t\000i\000o\000n}{subsection.1.10}% 56
\BOOKMARK [2][-]{subsection.1.11}{\376\377\0001\0000\000.\000\040\000C\000o\000n\000c\000l\000u\000s\000i\000o\000n\000s}{section.1}% 57
\BOOKMARK [3][-]{subsubsection.1.11.1}{\376\377\0001\0000\000.\0001\000\040\000S\000u\000m\000m\000a\000r\000y\000\040\000o\000f\000\040\000R\000e\000s\000u\000l\000t\000s}{subsection.1.11}% 58
\BOOKMARK [3][-]{subsubsection.1.11.2}{\376\377\0001\0000\000.\0002\000\040\000D\000o\000m\000i\000n\000a\000n\000t\000\040\000L\000i\000m\000i\000t\000a\000t\000i\000o\000n\000s}{subsection.1.11}% 59
\BOOKMARK [3][-]{subsubsection.1.11.3}{\376\377\0001\0000\000.\0003\000\040\000P\000h\000y\000s\000i\000c\000s\000\040\000I\000n\000t\000e\000r\000p\000r\000e\000t\000a\000t\000i\000o\000n}{subsection.1.11}% 60
\BOOKMARK [2][-]{subsection.1.12}{\376\377\0001\0001\000.\000\040\000F\000u\000t\000u\000r\000e\000\040\000D\000i\000r\000e\000c\000t\000i\000o\000n\000s}{section.1}% 61
\BOOKMARK [2][-]{subsection.1.13}{\376\377\0001\0002\000.\000\040\000A\000p\000p\000e\000n\000d\000i\000c\000e\000s}{section.1}% 62
\BOOKMARK [3][-]{subsubsection.1.13.1}{\376\377\000A\000p\000p\000e\000n\000d\000i\000x\000\040\000A\000:\000\040\000F\000u\000l\000l\000\040\000P\000e\000r\000-\000B\000i\000n\000\040\000S\000y\000s\000t\000e\000m\000a\000t\000i\000c\000\040\000T\000a\000b\000l\000e\000s}{subsection.1.13}% 63
\BOOKMARK [3][-]{subsubsection.1.13.2}{\376\377\000A\000p\000p\000e\000n\000d\000i\000x\000\040\000B\000:\000\040\000C\000o\000v\000a\000r\000i\000a\000n\000c\000e\000\040\000a\000n\000d\000\040\000C\000o\000r\000r\000e\000l\000a\000t\000i\000o\000n\000\040\000M\000a\000t\000r\000i\000c\000e\000s}{subsection.1.13}% 64
\BOOKMARK [3][-]{subsubsection.1.13.3}{\376\377\000A\000p\000p\000e\000n\000d\000i\000x\000\040\000C\000:\000\040\000E\000x\000t\000e\000n\000d\000e\000d\000\040\000C\000u\000t\000f\000l\000o\000w\000\040\000T\000a\000b\000l\000e\000s}{subsection.1.13}% 65
\BOOKMARK [3][-]{subsubsection.1.13.4}{\376\377\000A\000p\000p\000e\000n\000d\000i\000x\000\040\000D\000:\000\040\000R\000e\000s\000p\000o\000n\000s\000e\000\040\000M\000a\000t\000r\000i\000x\000\040\000P\000r\000o\000p\000e\000r\000t\000i\000e\000s}{subsection.1.13}% 66
\BOOKMARK [2][-]{subsection.1.14}{\376\377\000R\000e\000f\000e\000r\000e\000n\000c\000e\000s}{section.1}% 67
\BOOKMARK [2][-]{subsection.1.15}{\376\377\000M\000a\000c\000h\000i\000n\000e\000-\000R\000e\000a\000d\000a\000b\000l\000e\000\040\000R\000e\000s\000u\000l\000t\000s}{section.1}% 68
